<?xml version="1.0" encoding="UTF-8"?>
<!-- Generated by org.testng.reporters.JUnitXMLReporter -->
<testsuite ignored="0" hostname="CLVITN-GR46M13" failures="0" tests="3" name="Cross Browser Test" time="41.019" errors="0" timestamp="2022-03-27T00:41:06 IST">
  <testcase classname="grid.SetUpDockerGrid" name="edgeTest" time="4.198"/>
  <testcase classname="grid.SetUpDockerGrid" name="chromeTest" time="4.292"/>
  <testcase classname="grid.SetUpDockerGrid" name="fireFoxTest" time="10.943"/>
</testsuite> <!-- Cross Browser Test -->
