<?xml version="1.0" encoding="UTF-8"?>
<!-- Generated by org.testng.reporters.JUnitXMLReporter -->
<testsuite ignored="0" hostname="CLVITN-GR46M13" failures="0" tests="3" name="Cross Browser Test" time="43.0" errors="0" timestamp="2022-03-26T23:50:00 IST">
  <testcase classname="grid.SetUpDockerGrid" name="chromeTest" time="5.314"/>
  <testcase classname="grid.SetUpDockerGrid" name="edgeTest" time="7.035"/>
  <testcase classname="grid.SetUpDockerGrid" name="fireFoxTest" time="12.089"/>
</testsuite> <!-- Cross Browser Test -->
