<?xml version="1.0" encoding="UTF-8"?>
<testsuite xmlns:xsi="http://www.w3.org/2001/XMLSchema-instance" xsi:noNamespaceSchemaLocation="https://maven.apache.org/surefire/maven-surefire-plugin/xsd/surefire-test-report-3.0.xsd" version="3.0" name="TestSuite" time="42.144" tests="3" errors="0" skipped="0" failures="0">
  <properties>
[...]
</properties>
  <testcase name="edgeTest" classname="grid.SetUpDockerGrid" time="5.406"/>
  <testcase name="chromeTest" classname="grid.SetUpDockerGrid" time="5.679"/>
  <testcase name="fireFoxTest" classname="grid.SetUpDockerGrid" time="11.741"/>
</testsuite>