<?xml version="1.0" encoding="UTF-8"?>
<testng-results ignored="0" total="3" passed="3" failed="0" skipped="0">
  <reporter-output>
  </reporter-output>
  <suite started-at="2022-03-27T00:24:38 IST" name="SeleniumGridDemo" finished-at="2022-03-27T00:25:17 IST" duration-ms="39418">
    <groups>
    </groups>
    <test started-at="2022-03-27T00:24:38 IST" name="Cross Browser Test" finished-at="2022-03-27T00:25:17 IST" duration-ms="39418">
      <class name="grid.SetUpDockerGrid">
        <test-method is-config="true" signature="startDockerGrid()[pri:0, instance:grid.SetUpDockerGrid@7adda9cc]" started-at="2022-03-27T00:24:38 IST" name="startDockerGrid" finished-at="2022-03-27T00:24:53 IST" duration-ms="15012" status="PASS">
          <reporter-output>
          </reporter-output>
        </test-method> <!-- startDockerGrid -->
        <test-method signature="chromeTest()[pri:0, instance:grid.SetUpDockerGrid@7adda9cc]" started-at="2022-03-27T00:24:53 IST" name="chromeTest" finished-at="2022-03-27T00:24:55 IST" duration-ms="2617" status="PASS">
          <reporter-output>
          </reporter-output>
        </test-method> <!-- chromeTest -->
        <test-method signature="edgeTest()[pri:0, instance:grid.SetUpDockerGrid@7adda9cc]" started-at="2022-03-27T00:24:53 IST" name="edgeTest" finished-at="2022-03-27T00:24:55 IST" duration-ms="2491" status="PASS">
          <reporter-output>
          </reporter-output>
        </test-method> <!-- edgeTest -->
        <test-method signature="fireFoxTest()[pri:0, instance:grid.SetUpDockerGrid@7adda9cc]" started-at="2022-03-27T00:24:53 IST" name="fireFoxTest" finished-at="2022-03-27T00:25:02 IST" duration-ms="9356" status="PASS">
          <reporter-output>
          </reporter-output>
        </test-method> <!-- fireFoxTest -->
        <test-method is-config="true" signature="stopDockerGrid()[pri:0, instance:grid.SetUpDockerGrid@7adda9cc]" started-at="2022-03-27T00:25:02 IST" name="stopDockerGrid" finished-at="2022-03-27T00:25:17 IST" duration-ms="15018" status="PASS">
          <reporter-output>
          </reporter-output>
        </test-method> <!-- stopDockerGrid -->
      </class> <!-- grid.SetUpDockerGrid -->
    </test> <!-- Cross Browser Test -->
  </suite> <!-- SeleniumGridDemo -->
</testng-results>
